# RD/WR: R/W $(64b addr)
# All-bank AiM: $(op) $(16b ch_mask) $(32b row_addr) $(16b col_addr)
# 4-bank AiM: $(op) $(16b ch_mask) $(16b bank_mask) $(32b row_addr) $(16b col_addr)
# Single bank AiM: $(op) $(64b addr) 
# No bank AiM: $(op) $(16b ch_mask)
# Following example: 174762 = 0x2_aaaa,
MAC_ABK 1 174762 0
MAC_ABK 1 174762 16
MAC_ABK 1 174762 32
MAC_ABK 1 174762 48
MAC_ABK 1 174762 64
MAC_ABK 1 174762 80
MAC_ABK 1 174762 96
MAC_ABK 1 174762 112
MAC_ABK 1 174762 128
MAC_ABK 1 174762 144
MAC_ABK 1 174762 160
MAC_ABK 1 174762 176
MAC_ABK 1 174762 192
MAC_ABK 1 174762 208
MAC_ABK 1 174762 224
MAC_ABK 1 174762 240
MAC_ABK 1 174762 256
MAC_ABK 1 174762 272
MAC_ABK 1 174762 288
MAC_ABK 1 174762 304
MAC_ABK 1 174762 320
MAC_ABK 1 174762 336
MAC_ABK 1 174762 352
MAC_ABK 1 174762 368
MAC_ABK 1 174762 384
MAC_ABK 1 174762 400
MAC_ABK 1 174762 416
MAC_ABK 1 174762 432
MAC_ABK 1 174762 448
MAC_ABK 1 174762 464
MAC_ABK 1 174762 480
MAC_ABK 1 174762 496
MAC_ABK 1 174762 512
MAC_ABK 1 174762 528
MAC_ABK 1 174762 544
MAC_ABK 1 174762 560
MAC_ABK 1 174762 576
MAC_ABK 1 174762 592
MAC_ABK 1 174762 608
MAC_ABK 1 174762 624
MAC_ABK 1 174762 640
MAC_ABK 1 174762 656
MAC_ABK 1 174762 672
MAC_ABK 1 174762 688
MAC_ABK 1 174762 704
MAC_ABK 1 174762 720
MAC_ABK 1 174762 736
MAC_ABK 1 174762 752
MAC_ABK 1 174762 768
MAC_ABK 1 174762 784
MAC_ABK 1 174762 800
MAC_ABK 1 174762 816
MAC_ABK 1 174762 832
MAC_ABK 1 174762 848
MAC_ABK 1 174762 864
MAC_ABK 1 174762 880
MAC_ABK 1 174762 896
MAC_ABK 1 174762 912
MAC_ABK 1 174762 928
MAC_ABK 1 174762 944
MAC_ABK 1 174762 960
MAC_ABK 1 174762 976
MAC_ABK 1 174762 992
MAC_ABK 1 174762 1008
MAC_ABK 1 174762 1024